<?xml version="1.0" encoding="UTF-8"?>
<testsuite name="RecipesApplicationTest" tests="1" skipped="0" failures="0" errors="0" timestamp="2022-04-21T21:26:20" hostname="PC" time="1.513">
  <properties/>
  <testcase name="start" classname="RecipesApplicationTest" time="1.513"/>
  <system-out><![CDATA[?[1;31m
Start test 1?[0m

  .   ____          _            __ _ _
 /\\ / ___'_ __ _ _(_)_ __  __ _ \ \ \ \
( ( )\___ | '_ | '_| | '_ \/ _` | \ \ \ \
 \\/  ___)| |_)| | | | | || (_| |  ) ) ) )
  '  |____| .__|_| |_|_| |_\__, | / / / /
 =========|_|==============|___/=/_/_/_/
 :: Spring Boot ::                (v2.5.6)

2022-04-21 22:26:21.024  INFO 68709 --- [    Test worker] recipes.RecipesApplication               : Starting RecipesApplication using Java 17.0.1 on PC with PID 68709 (started by jed in /home/jed/IdeaProjects/Recipes/Recipes/task)
2022-04-21 22:26:21.026  INFO 68709 --- [    Test worker] recipes.RecipesApplication               : No active profile set, falling back to default profiles: default
2022-04-21 22:26:21.608  INFO 68709 --- [    Test worker] o.s.b.w.embedded.tomcat.TomcatWebServer  : Tomcat initialized with port(s): 8881 (http)
2022-04-21 22:26:21.613  INFO 68709 --- [    Test worker] o.apache.catalina.core.StandardService   : Starting service [Tomcat]
2022-04-21 22:26:21.613  INFO 68709 --- [    Test worker] org.apache.catalina.core.StandardEngine  : Starting Servlet engine: [Apache Tomcat/9.0.54]
2022-04-21 22:26:21.649  INFO 68709 --- [    Test worker] o.a.c.c.C.[Tomcat].[localhost].[/]       : Initializing Spring embedded WebApplicationContext
2022-04-21 22:26:21.649  INFO 68709 --- [    Test worker] w.s.c.ServletWebServerApplicationContext : Root WebApplicationContext: initialization completed in 598 ms
2022-04-21 22:26:21.843  INFO 68709 --- [    Test worker] o.s.b.a.w.s.WelcomePageHandlerMapping    : Adding welcome page: class path resource [static/index.html]
2022-04-21 22:26:21.951  INFO 68709 --- [    Test worker] o.s.b.a.e.web.EndpointLinksResolver      : Exposing 14 endpoint(s) beneath base path '/actuator'
2022-04-21 22:26:21.971  INFO 68709 --- [    Test worker] o.s.b.w.embedded.tomcat.TomcatWebServer  : Tomcat started on port(s): 8881 (http) with context path ''
2022-04-21 22:26:21.980  INFO 68709 --- [    Test worker] recipes.RecipesApplication               : Started RecipesApplication in 1.12 seconds (JVM running for 1.475)
2022-04-21 22:26:22.168  INFO 68709 --- [nio-8881-exec-1] o.a.c.c.C.[Tomcat].[localhost].[/]       : Initializing Spring DispatcherServlet 'dispatcherServlet'
2022-04-21 22:26:22.169  INFO 68709 --- [nio-8881-exec-1] o.s.web.servlet.DispatcherServlet        : Initializing Servlet 'dispatcherServlet'
2022-04-21 22:26:22.170  INFO 68709 --- [nio-8881-exec-1] o.s.web.servlet.DispatcherServlet        : Completed initialization in 1 ms
?[1;31m
Start test 2?[0m
?[1;31m
Start test 3?[0m
?[1;31m
Start test 4?[0m
]]></system-out>
  <system-err><![CDATA[]]></system-err>
</testsuite>
